----------------------------------------------------------------------------------------------
      name:  <unnamed>
       log:  /Users/elliottoates/Library/CloudStorage/OneDrive-UniversityofExeter/Applied Econ
> ometrics/T1_Intro_to_Stata/Topic1_Results.log
  log type:  text
 opened on:  19 Feb 2024, 12:59:33

. 
. 
. sysuse auto, clear  // Load the auto dataset
(1978 automobile data)

. 
. sort price  // Sort the data by price

. 
. // Retrieve the mpg of the cheapest car
. di "Mileage per gallon of the cheapest car: " mpg[1]
Mileage per gallon of the cheapest car: 20

. 
. // Retrieve the mpg of the most expensive car
. di "Mileage per gallon of the most expensive car: " mpg[_N]
Mileage per gallon of the most expensive car: 21

. 
. //Find out how many foreign vehicles are in the dataset
. codebook foreign //Find which numeric values assigned to foreign

----------------------------------------------------------------------------------------------
foreign                                                                             Car origin
----------------------------------------------------------------------------------------------

                  Type: Numeric (byte)
                 Label: origin

                 Range: [0,1]                         Units: 1
         Unique values: 2                         Missing .: 0/74

            Tabulation: Freq.   Numeric  Label
                           52         0  Domestic
                           22         1  Foreign

. count if foreign == 1 //22 cars
  22

. 
. //Sort the data in order of mpg, is this sort order unique
. sort mpg

. duplicates report mpg // The presence of duplicates (where "copies" is greater than 1) indic
> ates that the sort order of the dataset based on mpg is not unique. This means that multiple
>  cars have the same mpg value, and therefore, sorting by mpg alone does not result in a uniq
> uely ordered dataset. To create a unique sort order, you might need to sort by additional va
> riables (for example, mpg and price).

Duplicates in terms of mpg

--------------------------------------
   Copies | Observations       Surplus
----------+---------------------------
        1 |            4             0
        2 |            8             4
        3 |           12             8
        4 |           12             9
        5 |           15            12
        6 |            6             5
        8 |            8             7
        9 |            9             8
--------------------------------------

. 
. //  Generate a new variable called domestic which is equal to one if the vehicle is domestic
>  and zero if the vehicle is foreign.
. gen domestic = foreign == 0

. 
. // Sort the data in order of miles per gallon and price. Generate a new variable called obsn
> o10 holding the observation number + 10.
. sort mpg price

. gen obsno10 = _n + 10

. 
. 
. // Part 2
. // set wd to where the data is 
. clear

. use pen01aL3.dta

. 
. // Generate the nominal hourly wage from the log wage
. gen wage = exp(lnw)

. // label variable wage
. label variable wage "Nominal Hourly Wage"

. //check
. describe wage

Variable      Storage   Display    Value
    name         type    format    label      Variable label
----------------------------------------------------------------------------------------------
wage            float   %9.0g                 Nominal Hourly Wage

. 
. //Generate another variable which equals 1 if a person holds a university degree, and 0 othe
> rwise
. gen degree = ed >= 17

. 
. //tabulate
. tabulate degree

     degree |      Freq.     Percent        Cum.
------------+-----------------------------------
          0 |        137       91.33       91.33
          1 |         13        8.67      100.00
------------+-----------------------------------
      Total |        150      100.00

. //labels
. label define degree_label 1 "Degree" 0 "No Degree"

. label values degree degree_label

. 
. //box plot 
. graph hbox wage, over(degree)

. 
. 
. //stata functions part
. display normalden(0.5) //Standard normal density at 0.5
.35206533

. 
. display chi2tail(2, 5) //  is the probability that a χ2 distributed random variable with 2 d
> egrees of freedom is greater than 5?
.082085

. 
. egen std_varname = std(wage) //how to standardise a variable

. 
. gen sign_varname = sign(std_varname) //variable holding sign of another variable 

. 
. 
. log close
      name:  <unnamed>
       log:  /Users/elliottoates/Library/CloudStorage/OneDrive-UniversityofExeter/Applied Econ
> ometrics/T1_Intro_to_Stata/Topic1_Results.log
  log type:  text
 closed on:  19 Feb 2024, 12:59:33
----------------------------------------------------------------------------------------------
